Using pre-set license
Built from '2020.3/release' branch; Version is '2020.3.2f1 (8fd9074bf66c) revision 9427207'; Using compiler version '192528614'; Build Type 'Release'
OS: 'Windows 10 Home; OS build 19041.928; Version 2004; 64bit' Language: 'en' Physical Memory: 16229 MB
BatchMode: 1, IsHumanControllingUs: 0, StartBugReporterOnCrash: 0, Is64bit: 1, IsPro: 0

 COMMAND LINE ARGUMENTS:
M:\Programs\Unity\Editor\Unity.exe
-adb2
-batchMode
-noUpm
-name
AssetImportWorker0
-projectPath
M:/Programs/Unity/Projects/PlatformerBase
-logFile
Logs/AssetImportWorker0.log
-srvPort
62447
Successfully changed project path to: M:/Programs/Unity/Projects/PlatformerBase
M:/Programs/Unity/Projects/PlatformerBase
Using Asset Import Pipeline V2.
Refreshing native plugins compatible for Editor in 59.32 ms, found 0 plugins.
Preloading 0 native plugins for Editor in 0.00 ms.
Initialize engine version: 2020.3.2f1 (8fd9074bf66c)
[Subsystems] Discovering subsystems at path M:/Programs/Unity/Editor/Data/Resources/UnitySubsystems
[Subsystems] Discovering subsystems at path M:/Programs/Unity/Projects/PlatformerBase/Assets
GfxDevice: creating device client; threaded=0
Direct3D:
    Version:  Direct3D 11.0 [level 11.0]
    Renderer: NVIDIA GeForce GTX 750 Ti (ID=0x1380)
    Vendor:   
    VRAM:     2007 MB
    Driver:   27.21.14.6140
Shader 'Universal Render Pipeline/Particles/Lit': fallback shader 'Universal Render Pipeline/Particles/SimpleLit' not found
Initialize mono
Mono path[0] = 'M:/Programs/Unity/Editor/Data/Managed'
Mono path[1] = 'M:/Programs/Unity/Editor/Data/MonoBleedingEdge/lib/mono/unityjit'
Mono config path = 'M:/Programs/Unity/Editor/Data/MonoBleedingEdge/etc'
Using monoOptions --debugger-agent=transport=dt_socket,embedding=1,server=y,suspend=n,address=127.0.0.1:56472
Begin MonoManager ReloadAssembly
Registering precompiled unity dll's ...
Register platform support module: M:/Programs/Unity/Editor/Data/PlaybackEngines/WindowsStandaloneSupport/UnityEditor.WindowsStandalone.Extensions.dll
Registered in 0.002234 seconds.
Native extension for WindowsStandalone target not found
Refreshing native plugins compatible for Editor in 63.59 ms, found 0 plugins.
Preloading 0 native plugins for Editor in 0.00 ms.
Invoked RoslynAnalysisRunner static constructor.
RoslynAnalysisRunner will not be running.
RoslynAnalysisRunner has terminated.
Mono: successfully reloaded assembly
- Completed reload, in  1.855 seconds
Platform modules already initialized, skipping
Registering precompiled user dll's ...
Registered in 0.002152 seconds.
Begin MonoManager ReloadAssembly
Native extension for WindowsStandalone target not found
Refreshing native plugins compatible for Editor in 63.88 ms, found 0 plugins.
Preloading 0 native plugins for Editor in 0.00 ms.
Invoked RoslynAnalysisRunner static constructor.
RoslynAnalysisRunner will not be running.
RoslynAnalysisRunner has terminated.
Mono: successfully reloaded assembly
- Completed reload, in  1.702 seconds
Platform modules already initialized, skipping
========================================================================
Worker process is ready to serve import requests
Shader 'Universal Render Pipeline/Particles/Lit': fallback shader 'Universal Render Pipeline/Particles/SimpleLit' not found
Launched and connected shader compiler UnityShaderCompiler.exe after 0.05 seconds
Refreshing native plugins compatible for Editor in 0.71 ms, found 0 plugins.
Preloading 0 native plugins for Editor in 0.00 ms.
Unloading 2883 Unused Serialized files (Serialized files now loaded: 0)
System memory in use before: 144.5 MB.
System memory in use after: 144.7 MB.

Unloading 14 unused Assets to reduce memory usage. Loaded Objects now: 3341.
Total: 4.099400 ms (FindLiveObjects: 0.824300 ms CreateObjectMapping: 0.488900 ms MarkObjects: 2.700600 ms  DeleteObjects: 0.083900 ms)

========================================================================
Received Import Request.
  path: Assets/Materials/New Material 1.mat
  artifactKey: Guid(a96b293fce7bd6b42bc5c9ea8b2291b4) Importer(815301076,1909f56bfc062723c751e8b465ee728b)
Start importing Assets/Materials/New Material 1.mat using Guid(a96b293fce7bd6b42bc5c9ea8b2291b4) Importer(815301076,1909f56bfc062723c751e8b465ee728b)  -> (artifact id: 'f363aaa9cd932c94e51a9955d4138b01') in 0.388012 seconds
  Import took 0.416594 seconds .

========================================================================
Received Import Request.
  Time since last request: 3.933686 seconds.
  path: Assets/Animations/RoboBoy/IdleMain.anim
  artifactKey: Guid(27e7e20c41ea7c341a661112441e13c3) Importer(815301076,1909f56bfc062723c751e8b465ee728b)
Start importing Assets/Animations/RoboBoy/IdleMain.anim using Guid(27e7e20c41ea7c341a661112441e13c3) Importer(815301076,1909f56bfc062723c751e8b465ee728b)  -> (artifact id: '16e7deab8228382f6e7a4aec2f1f6583') in 0.008044 seconds
  Import took 0.017196 seconds .

========================================================================
Received Import Request.
  Time since last request: 0.001365 seconds.
  path: Assets/Animations/RoboBoy/IdleMain.anim
  artifactKey: Guid(27e7e20c41ea7c341a661112441e13c3) Importer(815301076,1909f56bfc062723c751e8b465ee728b)
Start importing Assets/Animations/RoboBoy/IdleMain.anim using Guid(27e7e20c41ea7c341a661112441e13c3) Importer(815301076,1909f56bfc062723c751e8b465ee728b)  -> (artifact id: '16e7deab8228382f6e7a4aec2f1f6583') in 0.015607 seconds
  Import took 0.024951 seconds .

========================================================================
Received Import Request.
  Time since last request: 61.823331 seconds.
  path: Assets/Scenes/SampleScene/LightingData.asset
  artifactKey: Guid(16de241867b734a46b25028a5e414349) Importer(815301076,1909f56bfc062723c751e8b465ee728b)
Start importing Assets/Scenes/SampleScene/LightingData.asset using Guid(16de241867b734a46b25028a5e414349) Importer(815301076,1909f56bfc062723c751e8b465ee728b)  -> (artifact id: '734d5754ac2aa337fea997c27cae9f5d') in 0.012753 seconds
  Import took 0.019427 seconds .

========================================================================
Received Import Request.
  Time since last request: 1.592116 seconds.
  path: Assets/Models/RoboBoy.blend
  artifactKey: Guid(3e398151f40fc0d42baca4970abc02da) Importer(815301076,1909f56bfc062723c751e8b465ee728b)
Start importing Assets/Models/RoboBoy.blend using Guid(3e398151f40fc0d42baca4970abc02da) Importer(815301076,1909f56bfc062723c751e8b465ee728b)  -> (artifact id: 'f4df03d1a10231539c6cdff793c5d59a') in 0.098019 seconds
  Import took 0.103857 seconds .

========================================================================
Received Import Request.
  Time since last request: 2.443509 seconds.
  path: Assets/Materials/Run.anim
  artifactKey: Guid(eb7f7ae2a1c8d77498b3fb5f872b2a72) Importer(815301076,1909f56bfc062723c751e8b465ee728b)
Start importing Assets/Materials/Run.anim using Guid(eb7f7ae2a1c8d77498b3fb5f872b2a72) Importer(815301076,1909f56bfc062723c751e8b465ee728b)  -> (artifact id: 'cd0191786e372de30378ee7ce34c8e1c') in 0.020609 seconds
  Import took 0.035075 seconds .

========================================================================
Received Import Request.
  Time since last request: 551.605051 seconds.
  path: Assets/Animations/RoboBoy/RunForward.anim
  artifactKey: Guid(adcc7c27a69edf5448d8ec7a7db0b138) Importer(815301076,1909f56bfc062723c751e8b465ee728b)
Start importing Assets/Animations/RoboBoy/RunForward.anim using Guid(adcc7c27a69edf5448d8ec7a7db0b138) Importer(815301076,1909f56bfc062723c751e8b465ee728b)  -> (artifact id: '97ceb7fbbce20cc5b263ae90ab5bfc1a') in 0.027658 seconds
  Import took 0.038278 seconds .

========================================================================
Received Import Request.
  Time since last request: 36.351426 seconds.
  path: Assets/Animations/RoboBoy/RunForward 1.anim
  artifactKey: Guid(53f59f56dfa6c1c468f8f091e8e016ff) Importer(815301076,1909f56bfc062723c751e8b465ee728b)
Start importing Assets/Animations/RoboBoy/RunForward 1.anim using Guid(53f59f56dfa6c1c468f8f091e8e016ff) Importer(815301076,1909f56bfc062723c751e8b465ee728b)  -> (artifact id: 'e8ade358969e39c9bd1aeec8eb04ab5d') in 0.015366 seconds
  Import took 0.024456 seconds .

========================================================================
Received Import Request.
  Time since last request: 19.404234 seconds.
  path: Assets/Animations/RoboBoy/RunForward.anim
  artifactKey: Guid(adcc7c27a69edf5448d8ec7a7db0b138) Importer(815301076,1909f56bfc062723c751e8b465ee728b)
Start importing Assets/Animations/RoboBoy/RunForward.anim using Guid(adcc7c27a69edf5448d8ec7a7db0b138) Importer(815301076,1909f56bfc062723c751e8b465ee728b)  -> (artifact id: '76020b8ea90afe14cc78a17ab4c460e1') in 0.017822 seconds
  Import took 0.034155 seconds .

========================================================================
Received Import Request.
  Time since last request: 484.799907 seconds.
  path: Assets/Models/RoboBoy.blend
  artifactKey: Guid(3e398151f40fc0d42baca4970abc02da) Importer(815301076,1909f56bfc062723c751e8b465ee728b)
Start importing Assets/Models/RoboBoy.blend using Guid(3e398151f40fc0d42baca4970abc02da) Importer(815301076,1909f56bfc062723c751e8b465ee728b)  -> (artifact id: 'd4913810d9ec25864c5ef9cae091d01c') in 0.098715 seconds
  Import took 0.109669 seconds .

AssetImportWorkerClient::OnTransportError - code=2 error=End of file
